<?xml version="1.0" encoding="UTF-8"?>
<testng-results skipped="0" failed="0" ignored="0" total="1" passed="1">
  <reporter-output>
  </reporter-output>
  <suite name="Command line suite" duration-ms="7691" started-at="2021-12-13T19:10:46 CST" finished-at="2021-12-13T19:10:54 CST">
    <groups>
    </groups>
    <test name="Command line test" duration-ms="7691" started-at="2021-12-13T19:10:46 CST" finished-at="2021-12-13T19:10:54 CST">
      <class name="com.icbc.Imoocweb.CommonTest">
        <test-method status="PASS" signature="InitDriver()[pri:0, instance:com.icbc.Imoocweb.CommonTest@6e1567f1]" name="InitDriver" duration-ms="7639" started-at="2021-12-13T19:10:46 CST" finished-at="2021-12-13T19:10:54 CST">
          <reporter-output>
          </reporter-output>
        </test-method> <!-- InitDriver -->
      </class> <!-- com.icbc.Imoocweb.CommonTest -->
    </test> <!-- Command line test -->
  </suite> <!-- Command line suite -->
</testng-results>
