<?xml version="1.0" encoding="UTF-8"?>
<!-- Generated by org.testng.reporters.JUnitXMLReporter -->
<testsuite ignored="0" hostname="LAPTOP-S4DS86EC" failures="0" tests="4" name="Default test" time="39.66" errors="0" timestamp="2021-12-14T21:46:04 CST">
  <testcase classname="com.icbc.Imoocweb.Case.FoodCompanyMangeCase" name="OpenFoodCompanyPage" time="4.25"/>
  <testcase classname="com.icbc.Imoocweb.Case.FoodCompanyMangeCase" name="AddFoodCompany" time="11.549"/>
  <testcase classname="com.icbc.Imoocweb.Case.FoodCompanyMangeCase" name="SearchFoodCompany" time="4.295"/>
  <testcase classname="com.icbc.Imoocweb.Case.FoodCompanyMangeCase" name="EditFoodCompany" time="11.319"/>
</testsuite> <!-- Default test -->
