<?xml version="1.0" encoding="UTF-8"?>
<testng-results ignored="0" total="4" passed="4" failed="0" skipped="0">
  <reporter-output>
  </reporter-output>
  <suite started-at="2021-12-13T21:09:09 CST" name="Default suite" finished-at="2021-12-13T21:09:53 CST" duration-ms="43260">
    <groups>
    </groups>
    <test started-at="2021-12-13T21:09:09 CST" name="Default test" finished-at="2021-12-13T21:09:53 CST" duration-ms="43260">
      <class name="com.icbc.Imoocweb.Case.EducationCase">
        <test-method is-config="true" signature="beforeclass()[pri:0, instance:com.icbc.Imoocweb.Case.EducationCase@10e92f8f]" started-at="2021-12-13T21:09:10 CST" name="beforeclass" finished-at="2021-12-13T21:09:18 CST" duration-ms="8925" status="PASS">
          <reporter-output>
          </reporter-output>
        </test-method> <!-- beforeclass -->
        <test-method signature="OpenEducationCase()[pri:0, instance:com.icbc.Imoocweb.Case.EducationCase@10e92f8f]" started-at="2021-12-13T21:09:18 CST" name="OpenEducationCase" finished-at="2021-12-13T21:09:22 CST" duration-ms="3186" status="PASS">
          <reporter-output>
          </reporter-output>
        </test-method> <!-- OpenEducationCase -->
        <test-method signature="AddEducationCase()[pri:1, instance:com.icbc.Imoocweb.Case.EducationCase@10e92f8f]" started-at="2021-12-13T21:09:22 CST" name="AddEducationCase" finished-at="2021-12-13T21:09:39 CST" duration-ms="17280" status="PASS">
          <reporter-output>
          </reporter-output>
        </test-method> <!-- AddEducationCase -->
        <test-method signature="SearchEducation()[pri:2, instance:com.icbc.Imoocweb.Case.EducationCase@10e92f8f]" started-at="2021-12-13T21:09:39 CST" name="SearchEducation" finished-at="2021-12-13T21:09:42 CST" duration-ms="3270" status="PASS">
          <reporter-output>
          </reporter-output>
        </test-method> <!-- SearchEducation -->
        <test-method signature="EditEducationCase()[pri:3, instance:com.icbc.Imoocweb.Case.EducationCase@10e92f8f]" started-at="2021-12-13T21:09:42 CST" name="EditEducationCase" finished-at="2021-12-13T21:09:53 CST" duration-ms="10453" status="PASS">
          <reporter-output>
          </reporter-output>
        </test-method> <!-- EditEducationCase -->
        <test-method is-config="true" signature="afterclass()[pri:0, instance:com.icbc.Imoocweb.Case.EducationCase@10e92f8f]" started-at="2021-12-13T21:09:53 CST" name="afterclass" finished-at="2021-12-13T21:09:53 CST" duration-ms="99" status="PASS">
          <reporter-output>
          </reporter-output>
        </test-method> <!-- afterclass -->
      </class> <!-- com.icbc.Imoocweb.Case.EducationCase -->
    </test> <!-- Default test -->
  </suite> <!-- Default suite -->
</testng-results>
