<?xml version="1.0" encoding="UTF-8"?>
<!-- Generated by org.testng.reporters.JUnitXMLReporter -->
<testsuite ignored="0" hostname="LAPTOP-S4DS86EC" failures="0" tests="4" name="Default test" time="43.26" errors="0" timestamp="2021-12-13T21:09:53 CST">
  <testcase classname="com.icbc.Imoocweb.Case.EducationCase" name="OpenEducationCase" time="3.186"/>
  <testcase classname="com.icbc.Imoocweb.Case.EducationCase" name="AddEducationCase" time="17.28"/>
  <testcase classname="com.icbc.Imoocweb.Case.EducationCase" name="SearchEducation" time="3.27"/>
  <testcase classname="com.icbc.Imoocweb.Case.EducationCase" name="EditEducationCase" time="10.453"/>
</testsuite> <!-- Default test -->
