<?xml version="1.0" encoding="UTF-8"?>
<testng-results ignored="0" total="4" passed="4" failed="0" skipped="0">
  <reporter-output>
  </reporter-output>
  <suite started-at="2021-12-14T21:45:24 CST" name="Default suite" finished-at="2021-12-14T21:46:04 CST" duration-ms="39660">
    <groups>
    </groups>
    <test started-at="2021-12-14T21:45:24 CST" name="Default test" finished-at="2021-12-14T21:46:04 CST" duration-ms="39660">
      <class name="com.icbc.Imoocweb.Case.FoodCompanyMangeCase">
        <test-method is-config="true" signature="beforeclass()[pri:0, instance:com.icbc.Imoocweb.Case.FoodCompanyMangeCase@10e92f8f]" started-at="2021-12-14T21:45:24 CST" name="beforeclass" finished-at="2021-12-14T21:45:32 CST" duration-ms="8055" status="PASS">
          <reporter-output>
          </reporter-output>
        </test-method> <!-- beforeclass -->
        <test-method signature="OpenFoodCompanyPage()[pri:0, instance:com.icbc.Imoocweb.Case.FoodCompanyMangeCase@10e92f8f]" started-at="2021-12-14T21:45:32 CST" name="OpenFoodCompanyPage" finished-at="2021-12-14T21:45:37 CST" duration-ms="4250" status="PASS">
          <reporter-output>
          </reporter-output>
        </test-method> <!-- OpenFoodCompanyPage -->
        <test-method signature="AddFoodCompany()[pri:1, instance:com.icbc.Imoocweb.Case.FoodCompanyMangeCase@10e92f8f]" started-at="2021-12-14T21:45:37 CST" name="AddFoodCompany" finished-at="2021-12-14T21:45:48 CST" duration-ms="11549" status="PASS">
          <reporter-output>
          </reporter-output>
        </test-method> <!-- AddFoodCompany -->
        <test-method signature="SearchFoodCompany()[pri:2, instance:com.icbc.Imoocweb.Case.FoodCompanyMangeCase@10e92f8f]" started-at="2021-12-14T21:45:48 CST" name="SearchFoodCompany" finished-at="2021-12-14T21:45:52 CST" duration-ms="4295" status="PASS">
          <reporter-output>
          </reporter-output>
        </test-method> <!-- SearchFoodCompany -->
        <test-method signature="EditFoodCompany()[pri:3, instance:com.icbc.Imoocweb.Case.FoodCompanyMangeCase@10e92f8f]" started-at="2021-12-14T21:45:52 CST" name="EditFoodCompany" finished-at="2021-12-14T21:46:04 CST" duration-ms="11319" status="PASS">
          <reporter-output>
          </reporter-output>
        </test-method> <!-- EditFoodCompany -->
        <test-method is-config="true" signature="afterclass()[pri:0, instance:com.icbc.Imoocweb.Case.FoodCompanyMangeCase@10e92f8f]" started-at="2021-12-14T21:46:04 CST" name="afterclass" finished-at="2021-12-14T21:46:04 CST" duration-ms="128" status="PASS">
          <reporter-output>
          </reporter-output>
        </test-method> <!-- afterclass -->
      </class> <!-- com.icbc.Imoocweb.Case.FoodCompanyMangeCase -->
    </test> <!-- Default test -->
  </suite> <!-- Default suite -->
</testng-results>
